Determining if the pthread_create exist failed with the following output:
Change Dir: /home/mateusz/Pulpit/Robotic_Environment/lab10_ros_sigal_processing/catkin_ws/build/CMakeFiles/CMakeTmp

Run Build Command:/usr/bin/make "cmTryCompileExec799343591/fast"
/usr/bin/make -f CMakeFiles/cmTryCompileExec799343591.dir/build.make CMakeFiles/cmTryCompileExec799343591.dir/build
make[1]: Wejście do katalogu `/home/mateusz/Pulpit/Robotic_Environment/lab10_ros_sigal_processing/catkin_ws/build/CMakeFiles/CMakeTmp'
/usr/bin/cmake -E cmake_progress_report /home/mateusz/Pulpit/Robotic_Environment/lab10_ros_sigal_processing/catkin_ws/build/CMakeFiles/CMakeTmp/CMakeFiles 1
Building C object CMakeFiles/cmTryCompileExec799343591.dir/CheckSymbolExists.c.o
/usr/bin/cc    -o CMakeFiles/cmTryCompileExec799343591.dir/CheckSymbolExists.c.o   -c /home/mateusz/Pulpit/Robotic_Environment/lab10_ros_sigal_processing/catkin_ws/build/CMakeFiles/CMakeTmp/CheckSymbolExists.c
Linking C executable cmTryCompileExec799343591
/usr/bin/cmake -E cmake_link_script CMakeFiles/cmTryCompileExec799343591.dir/link.txt --verbose=1
/usr/bin/cc       CMakeFiles/cmTryCompileExec799343591.dir/CheckSymbolExists.c.o  -o cmTryCompileExec799343591 -rdynamic 
CMakeFiles/cmTryCompileExec799343591.dir/CheckSymbolExists.c.o: In function `main':
CheckSymbolExists.c:(.text+0x16): undefined reference to `pthread_create'
collect2: error: ld returned 1 exit status
make[1]: *** [cmTryCompileExec799343591] Błąd 1
make[1]: Opuszczenie katalogu `/home/mateusz/Pulpit/Robotic_Environment/lab10_ros_sigal_processing/catkin_ws/build/CMakeFiles/CMakeTmp'
make: *** [cmTryCompileExec799343591/fast] Błąd 2

File /home/mateusz/Pulpit/Robotic_Environment/lab10_ros_sigal_processing/catkin_ws/build/CMakeFiles/CMakeTmp/CheckSymbolExists.c:
/* */
#include <pthread.h>

int main(int argc, char** argv)
{
  (void)argv;
#ifndef pthread_create
  return ((int*)(&pthread_create))[argc];
#else
  (void)argc;
  return 0;
#endif
}

Determining if the function pthread_create exists in the pthreads failed with the following output:
Change Dir: /home/mateusz/Pulpit/Robotic_Environment/lab10_ros_sigal_processing/catkin_ws/build/CMakeFiles/CMakeTmp

Run Build Command:/usr/bin/make "cmTryCompileExec2746459809/fast"
/usr/bin/make -f CMakeFiles/cmTryCompileExec2746459809.dir/build.make CMakeFiles/cmTryCompileExec2746459809.dir/build
make[1]: Wejście do katalogu `/home/mateusz/Pulpit/Robotic_Environment/lab10_ros_sigal_processing/catkin_ws/build/CMakeFiles/CMakeTmp'
/usr/bin/cmake -E cmake_progress_report /home/mateusz/Pulpit/Robotic_Environment/lab10_ros_sigal_processing/catkin_ws/build/CMakeFiles/CMakeTmp/CMakeFiles 1
Building C object CMakeFiles/cmTryCompileExec2746459809.dir/CheckFunctionExists.c.o
/usr/bin/cc   -DCHECK_FUNCTION_EXISTS=pthread_create   -o CMakeFiles/cmTryCompileExec2746459809.dir/CheckFunctionExists.c.o   -c /usr/share/cmake-2.8/Modules/CheckFunctionExists.c
Linking C executable cmTryCompileExec2746459809
/usr/bin/cmake -E cmake_link_script CMakeFiles/cmTryCompileExec2746459809.dir/link.txt --verbose=1
/usr/bin/cc   -DCHECK_FUNCTION_EXISTS=pthread_create    CMakeFiles/cmTryCompileExec2746459809.dir/CheckFunctionExists.c.o  -o cmTryCompileExec2746459809 -rdynamic -lpthreads 
/usr/bin/ld: cannot find -lpthreads
collect2: error: ld returned 1 exit status
make[1]: *** [cmTryCompileExec2746459809] Błąd 1
make[1]: Opuszczenie katalogu `/home/mateusz/Pulpit/Robotic_Environment/lab10_ros_sigal_processing/catkin_ws/build/CMakeFiles/CMakeTmp'
make: *** [cmTryCompileExec2746459809/fast] Błąd 2


